<?xml version="1.0" encoding="UTF-8"?>
<robot generator="Robot 6.1.1 (Python 3.12.0 on win32)" generated="20231028 10:02:36.155" rpa="false" schemaversion="4">
<suite id="s1" name="IfElseDemo" source="C:\Users\Sharanu\PycharmProjects\SynTraining\UI_Test\IfElseDemo.robot">
<test id="s1-t1" name="Launch OrangeHRM Login Page" line="6">
<kw name="Open Browser" library="SeleniumLibrary">
<arg>https://www.saucedemo.com/</arg>
<arg>ff</arg>
<doc>Opens a new browser instance to the optional ``url``.</doc>
<msg timestamp="20231028 10:02:36.454" level="INFO">Opening browser 'ff' to base url 'https://www.saucedemo.com/'.</msg>
<status status="PASS" starttime="20231028 10:02:36.454" endtime="20231028 10:02:43.044"/>
</kw>
<kw name="Maximize Browser Window" library="SeleniumLibrary">
<doc>Maximizes current browser window.</doc>
<status status="PASS" starttime="20231028 10:02:43.066" endtime="20231028 10:02:43.075"/>
</kw>
<kw name="Input Text" library="SeleniumLibrary">
<arg>id=user-name</arg>
<arg>standard_user</arg>
<doc>Types the given ``text`` into the text field identified by ``locator``.</doc>
<msg timestamp="20231028 10:02:43.081" level="INFO">Typing text 'standard_user' into text field 'id=user-name'.</msg>
<status status="PASS" starttime="20231028 10:02:43.081" endtime="20231028 10:02:43.207"/>
</kw>
<kw name="Input Text" library="SeleniumLibrary">
<arg>id=password</arg>
<arg>secret_sauce</arg>
<doc>Types the given ``text`` into the text field identified by ``locator``.</doc>
<msg timestamp="20231028 10:02:43.212" level="INFO">Typing text 'secret_sauce' into text field 'id=password'.</msg>
<status status="PASS" starttime="20231028 10:02:43.212" endtime="20231028 10:02:43.272"/>
</kw>
<kw name="Click Button" library="SeleniumLibrary">
<arg>id=login-button</arg>
<doc>Clicks the button identified by ``locator``.</doc>
<msg timestamp="20231028 10:02:43.273" level="INFO">Clicking button 'id=login-button'.</msg>
<status status="PASS" starttime="20231028 10:02:43.272" endtime="20231028 10:02:43.558"/>
</kw>
<kw name="Get Element Count" library="SeleniumLibrary">
<var>${items_on_page}</var>
<arg>xpath=//div[@class='inventory_list']/div</arg>
<doc>Returns the number of elements matching ``locator``.</doc>
<msg timestamp="20231028 10:02:43.568" level="INFO">${items_on_page} = 6</msg>
<status status="PASS" starttime="20231028 10:02:43.562" endtime="20231028 10:02:43.568"/>
</kw>
<kw name="Log" library="BuiltIn">
<arg>Total number of Items=${items_on_page}</arg>
<doc>Logs the given message with the given level.</doc>
<msg timestamp="20231028 10:02:43.570" level="INFO">Total number of Items=6</msg>
<status status="PASS" starttime="20231028 10:02:43.568" endtime="20231028 10:02:43.570"/>
</kw>
<kw name="Run Keyword If" library="BuiltIn">
<arg>${items_on_page} == 6</arg>
<arg>Test Keyword 1</arg>
<arg>ELSE IF</arg>
<arg>${items_on_page} &lt; 6</arg>
<arg>Test Keyword 2</arg>
<arg>ELSE IF</arg>
<arg>${items_on_page} &gt; 6</arg>
<arg>Test Keyword 3</arg>
<doc>Runs the given keyword with the given arguments, if ``condition`` is true.</doc>
<kw name="Test Keyword 1">
<kw name="Sleep" library="BuiltIn">
<arg>5s</arg>
<doc>Pauses the test executed for the given time.</doc>
<msg timestamp="20231028 10:02:48.593" level="INFO">Slept 5 seconds</msg>
<status status="PASS" starttime="20231028 10:02:43.572" endtime="20231028 10:02:48.593"/>
</kw>
<kw name="Log To Console" library="BuiltIn">
<arg>Executed Keyword1 - Found Items as expected = 6</arg>
<doc>Logs the given message to the console.</doc>
<status status="PASS" starttime="20231028 10:02:48.593" endtime="20231028 10:02:48.593"/>
</kw>
<kw name="Close Browser" library="SeleniumLibrary">
<doc>Closes the current browser.</doc>
<status status="PASS" starttime="20231028 10:02:48.593" endtime="20231028 10:02:51.791"/>
</kw>
<status status="PASS" starttime="20231028 10:02:43.571" endtime="20231028 10:02:51.791"/>
</kw>
<status status="PASS" starttime="20231028 10:02:43.571" endtime="20231028 10:02:51.791"/>
</kw>
<tag>Smoke</tag>
<status status="PASS" starttime="20231028 10:02:36.454" endtime="20231028 10:02:51.791"/>
</test>
<doc>Suite description</doc>
<status status="PASS" starttime="20231028 10:02:36.170" endtime="20231028 10:02:51.791"/>
</suite>
<statistics>
<total>
<stat pass="1" fail="0" skip="0">All Tests</stat>
</total>
<tag>
<stat pass="1" fail="0" skip="0">Smoke</stat>
</tag>
<suite>
<stat pass="1" fail="0" skip="0" id="s1" name="IfElseDemo">IfElseDemo</stat>
</suite>
</statistics>
<errors>
</errors>
</robot>
