<?xml version="1.0" encoding="UTF-8"?>
<robot generator="Robot 6.1.1 (Python 3.12.0 on win32)" generated="20231025 13:53:50.035" rpa="false" schemaversion="4">
<suite id="s1" name="Dd" source="C:\Users\Sharanu\PycharmProjects\pythonProject\UI_Test\dd.robot">
<test id="s1-t1" name="Login to WebOrder with valid credentials" line="6">
<kw name="Open Browser" library="SeleniumLibrary">
<arg>http://secure.smartbearsoftware.com/samples/TestComplete11/WebOrders/Login.aspx</arg>
<arg>chrome</arg>
<doc>Opens a new browser instance to the optional ``url``.</doc>
<msg timestamp="20231025 13:53:50.160" level="INFO">Opening browser 'chrome' to base url 'http://secure.smartbearsoftware.com/samples/TestComplete11/WebOrders/Login.aspx'.</msg>
<status status="PASS" starttime="20231025 13:53:50.160" endtime="20231025 13:53:52.728"/>
</kw>
<kw name="Input Text" library="SeleniumLibrary">
<arg>name=ctl00$MainContent$username</arg>
<arg>Tester</arg>
<doc>Types the given ``text`` into the text field identified by ``locator``.</doc>
<msg timestamp="20231025 13:53:52.730" level="INFO">Typing text 'Tester' into text field 'name=ctl00$MainContent$username'.</msg>
<status status="PASS" starttime="20231025 13:53:52.729" endtime="20231025 13:53:52.847"/>
</kw>
<kw name="Provided precondition">
<kw name="Clear Element Text" library="SeleniumLibrary">
<arg>name=ctl00$MainContent$username</arg>
<doc>Clears the value of the text-input-element identified by ``locator``.</doc>
<status status="PASS" starttime="20231025 13:53:52.848" endtime="20231025 13:53:52.879"/>
</kw>
<kw name="Sleep" library="BuiltIn">
<arg>2</arg>
<doc>Pauses the test executed for the given time.</doc>
<msg timestamp="20231025 13:53:54.879" level="INFO">Slept 2 seconds</msg>
<status status="PASS" starttime="20231025 13:53:52.879" endtime="20231025 13:53:54.879"/>
</kw>
<status status="PASS" starttime="20231025 13:53:52.847" endtime="20231025 13:53:54.879"/>
</kw>
<kw name="Input Text" library="SeleniumLibrary">
<arg>name=ctl00$MainContent$password</arg>
<arg>test</arg>
<doc>Types the given ``text`` into the text field identified by ``locator``.</doc>
<msg timestamp="20231025 13:53:54.879" level="INFO">Typing text 'test' into text field 'name=ctl00$MainContent$password'.</msg>
<status status="PASS" starttime="20231025 13:53:54.879" endtime="20231025 13:53:54.958"/>
</kw>
<kw name="Input Text" library="SeleniumLibrary">
<arg>name=ctl00$MainContent$username</arg>
<arg>Tester</arg>
<doc>Types the given ``text`` into the text field identified by ``locator``.</doc>
<msg timestamp="20231025 13:53:54.958" level="INFO">Typing text 'Tester' into text field 'name=ctl00$MainContent$username'.</msg>
<status status="PASS" starttime="20231025 13:53:54.958" endtime="20231025 13:53:55.067"/>
</kw>
<kw name="Click Button" library="SeleniumLibrary">
<arg>name=ctl00$MainContent$login_button</arg>
<doc>Clicks the button identified by ``locator``.</doc>
<msg timestamp="20231025 13:53:55.067" level="INFO">Clicking button 'name=ctl00$MainContent$login_button'.</msg>
<status status="PASS" starttime="20231025 13:53:55.067" endtime="20231025 13:53:56.411"/>
</kw>
<kw name="Page Should Contain Link" library="SeleniumLibrary">
<arg>Logout</arg>
<doc>Verifies link identified by ``locator`` is found from current page.</doc>
<msg timestamp="20231025 13:53:56.458" level="INFO">Current page contains link 'Logout'.</msg>
<status status="PASS" starttime="20231025 13:53:56.411" endtime="20231025 13:53:56.458"/>
</kw>
<tag>DEBUG</tag>
<status status="PASS" starttime="20231025 13:53:50.160" endtime="20231025 13:53:56.459"/>
</test>
<test id="s1-t2" name="Close the browser at the end" line="19">
<kw name="Close All Browsers" library="SeleniumLibrary">
<doc>Closes all open browsers and resets the browser cache.</doc>
<status status="PASS" starttime="20231025 13:53:56.459" endtime="20231025 13:54:02.614"/>
</kw>
<status status="PASS" starttime="20231025 13:53:56.459" endtime="20231025 13:54:02.614"/>
</test>
<doc>Suite description</doc>
<status status="PASS" starttime="20231025 13:53:50.035" endtime="20231025 13:54:02.614"/>
</suite>
<statistics>
<total>
<stat pass="2" fail="0" skip="0">All Tests</stat>
</total>
<tag>
<stat pass="1" fail="0" skip="0">DEBUG</stat>
</tag>
<suite>
<stat pass="2" fail="0" skip="0" id="s1" name="Dd">Dd</stat>
</suite>
</statistics>
<errors>
</errors>
</robot>
